<?xml version="1.0" encoding="UTF-8"?>
<robot generator="Robot 6.0.2 (Python 3.11.3 on win32)" generated="20240530 23:38:30.783" rpa="false" schemaversion="3">
<suite id="s1" name="Tests" source="C:\Users\Edu\Desktop\Automacao\RobotFramework-API\tests">
<suite id="s1-s1" name="Api Testing Usuarios" source="C:\Users\Edu\Desktop\Automacao\RobotFramework-API\tests\api_testing_usuarios.robot">
<test id="s1-s1-t1" name="Cenário 01: Cadastrar novo usuário com sucesso na ServeRest" line="10">
<kw name="Criar um usuário novo" library="api_testing_usuarios">
<kw name="Generate Random String" library="String">
<var>${palavra_aleatoria}</var>
<arg>length=4</arg>
<arg>chars=[LETTERS]</arg>
<doc>Generates a string with a desired ``length`` from the given ``chars``.</doc>
<msg timestamp="20240530 23:38:30.956" level="INFO">${palavra_aleatoria} = pvRw</msg>
<status status="PASS" starttime="20240530 23:38:30.956" endtime="20240530 23:38:30.956"/>
</kw>
<kw name="Convert To Lower Case" library="String">
<var>${palavra_aleatoria}</var>
<arg>${palavra_aleatoria}</arg>
<doc>Converts string to lower case.</doc>
<msg timestamp="20240530 23:38:30.956" level="INFO">${palavra_aleatoria} = pvrw</msg>
<status status="PASS" starttime="20240530 23:38:30.956" endtime="20240530 23:38:30.956"/>
</kw>
<kw name="Set Test Variable" library="BuiltIn">
<arg>${EMAIL_TESTE}</arg>
<arg>${palavra_aleatoria}@emailteste.com</arg>
<doc>Makes a variable available everywhere within the scope of the current test.</doc>
<msg timestamp="20240530 23:38:30.956" level="INFO">${EMAIL_TESTE} = pvrw@emailteste.com</msg>
<status status="PASS" starttime="20240530 23:38:30.956" endtime="20240530 23:38:30.956"/>
</kw>
<kw name="Log" library="BuiltIn">
<arg>${EMAIL_TESTE}</arg>
<doc>Logs the given message with the given level.</doc>
<msg timestamp="20240530 23:38:30.956" level="INFO">pvrw@emailteste.com</msg>
<status status="PASS" starttime="20240530 23:38:30.956" endtime="20240530 23:38:30.956"/>
</kw>
<status status="PASS" starttime="20240530 23:38:30.956" endtime="20240530 23:38:30.956"/>
</kw>
<kw name="Cadastrar o usuário criado na ServeRest" library="api_testing_usuarios">
<arg>email=${EMAIL_TESTE}</arg>
<arg>status_code_desejado=201</arg>
<kw name="Create Dictionary" library="BuiltIn">
<var>${body}</var>
<arg>nome=Fulano da Silva</arg>
<arg>email=${email}</arg>
<arg>password=1234</arg>
<arg>administrador=true</arg>
<doc>Creates and returns a dictionary based on the given ``items``.</doc>
<msg timestamp="20240530 23:38:30.956" level="INFO">${body} = {'nome': 'Fulano da Silva', 'email': 'pvrw@emailteste.com', 'password': '1234', 'administrador': 'true'}</msg>
<status status="PASS" starttime="20240530 23:38:30.956" endtime="20240530 23:38:30.956"/>
</kw>
<kw name="Criar Sessão na ServeRest" library="api_testing_usuarios">
<kw name="Create Dictionary" library="BuiltIn">
<var>${headers}</var>
<arg>accept=application/json</arg>
<arg>Content-Type=application/json</arg>
<doc>Creates and returns a dictionary based on the given ``items``.</doc>
<msg timestamp="20240530 23:38:30.956" level="INFO">${headers} = {'accept': 'application/json', 'Content-Type': 'application/json'}</msg>
<status status="PASS" starttime="20240530 23:38:30.956" endtime="20240530 23:38:30.971"/>
</kw>
<kw name="Create Session" library="RequestsLibrary">
<arg>alias=ServeRest</arg>
<arg>url=https://serverest.dev</arg>
<arg>headers=${headers}</arg>
<doc>Create Session: create a HTTP session to a server</doc>
<msg timestamp="20240530 23:38:30.971" level="INFO">Creating Session using : alias=ServeRest, url=https://serverest.dev, headers={'accept': 'application/json', 'Content-Type': 'application/json'},                     cookies={}, auth=None, timeout=None, proxies=None, verify=False,                     debug=0 </msg>
<status status="PASS" starttime="20240530 23:38:30.971" endtime="20240530 23:38:30.971"/>
</kw>
<status status="PASS" starttime="20240530 23:38:30.956" endtime="20240530 23:38:30.971"/>
</kw>
<kw name="POST On Session" library="RequestsLibrary">
<var>${resposta}</var>
<arg>alias=ServeRest</arg>
<arg>url=/usuarios</arg>
<arg>json=${body}</arg>
<arg>expected_status=${status_code_desejado}</arg>
<doc>Sends a POST request on a previously created HTTP Session.</doc>
<msg timestamp="20240530 23:38:31.349" level="INFO">POST Request : url=https://serverest.dev/usuarios 
 path_url=/usuarios 
 headers={'User-Agent': 'python-requests/2.28.2', 'Accept-Encoding': 'gzip, deflate', 'accept': 'application/json', 'Connection': 'keep-alive', 'Content-Type': 'application/json', 'Content-Length': '104'} 
 body=b'{"nome": "Fulano da Silva", "email": "pvrw@emailteste.com", "password": "1234", "administrador": "true"}' 
 </msg>
<msg timestamp="20240530 23:38:31.349" level="INFO">POST Response : url=https://serverest.dev/usuarios 
 status=201, reason=Created 
 headers={'access-control-allow-origin': '*', 'x-dns-prefetch-control': 'off', 'x-frame-options': 'SAMEORIGIN', 'strict-transport-security': 'max-age=15552000; includeSubDomains', 'x-download-options': 'noopen', 'x-content-type-options': 'nosniff', 'x-xss-protection': '1; mode=block', 'content-type': 'application/json; charset=utf-8', 'X-Cloud-Trace-Context': 'f2916c7c8309d82b5bfe6cf05d4bdae3;o=1', 'Date': 'Fri, 31 May 2024 02:37:15 GMT', 'Server': 'Google Frontend', 'Content-Length': '82'} 
 body={
    "message": "Cadastro realizado com sucesso",
    "_id": "kj67ixsHgqk1G234"
} 
 </msg>
<msg timestamp="20240530 23:38:31.349" level="INFO">C:\Users\Edu\AppData\Local\Programs\Python\Python311\Lib\site-packages\urllib3\connectionpool.py:1045: InsecureRequestWarning: Unverified HTTPS request is being made to host 'serverest.dev'. Adding certificate verification is strongly advised. See: https://urllib3.readthedocs.io/en/1.26.x/advanced-usage.html#ssl-warnings
  warnings.warn(</msg>
<msg timestamp="20240530 23:38:31.349" level="INFO">${resposta} = &lt;Response [201]&gt;</msg>
<status status="PASS" starttime="20240530 23:38:30.971" endtime="20240530 23:38:31.349"/>
</kw>
<kw name="Log" library="BuiltIn">
<arg>{resposta.json()}</arg>
<doc>Logs the given message with the given level.</doc>
<msg timestamp="20240530 23:38:31.349" level="INFO">{resposta.json()}</msg>
<status status="PASS" starttime="20240530 23:38:31.349" endtime="20240530 23:38:31.349"/>
</kw>
<if>
<branch type="IF" condition="${resposta.status_code} == 201">
<kw name="Set Test Variable" library="BuiltIn">
<arg>${ID_USUARIO}</arg>
<arg>${resposta.json()["_id"]}</arg>
<doc>Makes a variable available everywhere within the scope of the current test.</doc>
<msg timestamp="20240530 23:38:31.349" level="INFO">${ID_USUARIO} = kj67ixsHgqk1G234</msg>
<status status="PASS" starttime="20240530 23:38:31.349" endtime="20240530 23:38:31.349"/>
</kw>
<status status="PASS" starttime="20240530 23:38:31.349" endtime="20240530 23:38:31.349"/>
</branch>
<status status="PASS" starttime="20240530 23:38:31.349" endtime="20240530 23:38:31.349"/>
</if>
<kw name="Set Test Variable" library="BuiltIn">
<arg>${RESPOSTA}</arg>
<arg>${resposta.json()}</arg>
<doc>Makes a variable available everywhere within the scope of the current test.</doc>
<msg timestamp="20240530 23:38:31.349" level="INFO">${RESPOSTA} = {'message': 'Cadastro realizado com sucesso', '_id': 'kj67ixsHgqk1G234'}</msg>
<status status="PASS" starttime="20240530 23:38:31.349" endtime="20240530 23:38:31.349"/>
</kw>
<status status="PASS" starttime="20240530 23:38:30.956" endtime="20240530 23:38:31.349"/>
</kw>
<kw name="Conferir se o usuário foi cadastrado corretamente" library="api_testing_usuarios">
<kw name="Log" library="BuiltIn">
<arg>${RESPOSTA}</arg>
<doc>Logs the given message with the given level.</doc>
<msg timestamp="20240530 23:38:31.349" level="INFO">{'message': 'Cadastro realizado com sucesso', '_id': 'kj67ixsHgqk1G234'}</msg>
<status status="PASS" starttime="20240530 23:38:31.349" endtime="20240530 23:38:31.349"/>
</kw>
<kw name="Dictionary Should Contain Item" library="Collections">
<arg>${RESPOSTA}</arg>
<arg>message</arg>
<arg>Cadastro realizado com sucesso</arg>
<doc>An item of ``key`` / ``value`` must be found in a ``dictionary``.</doc>
<status status="PASS" starttime="20240530 23:38:31.349" endtime="20240530 23:38:31.349"/>
</kw>
<kw name="Dictionary Should Contain Key" library="Collections">
<arg>${RESPOSTA}</arg>
<arg>_id</arg>
<doc>Fails if ``key`` is not found from ``dictionary``.</doc>
<status status="PASS" starttime="20240530 23:38:31.349" endtime="20240530 23:38:31.349"/>
</kw>
<status status="PASS" starttime="20240530 23:38:31.349" endtime="20240530 23:38:31.349"/>
</kw>
<status status="PASS" starttime="20240530 23:38:30.956" endtime="20240530 23:38:31.349"/>
</test>
<test id="s1-s1-t2" name="Cenário 02: Cadastrar um usuário já existente" line="15">
<kw name="Criar um usuário novo" library="api_testing_usuarios">
<kw name="Generate Random String" library="String">
<var>${palavra_aleatoria}</var>
<arg>length=4</arg>
<arg>chars=[LETTERS]</arg>
<doc>Generates a string with a desired ``length`` from the given ``chars``.</doc>
<msg timestamp="20240530 23:38:31.364" level="INFO">${palavra_aleatoria} = ASNP</msg>
<status status="PASS" starttime="20240530 23:38:31.349" endtime="20240530 23:38:31.364"/>
</kw>
<kw name="Convert To Lower Case" library="String">
<var>${palavra_aleatoria}</var>
<arg>${palavra_aleatoria}</arg>
<doc>Converts string to lower case.</doc>
<msg timestamp="20240530 23:38:31.364" level="INFO">${palavra_aleatoria} = asnp</msg>
<status status="PASS" starttime="20240530 23:38:31.364" endtime="20240530 23:38:31.364"/>
</kw>
<kw name="Set Test Variable" library="BuiltIn">
<arg>${EMAIL_TESTE}</arg>
<arg>${palavra_aleatoria}@emailteste.com</arg>
<doc>Makes a variable available everywhere within the scope of the current test.</doc>
<msg timestamp="20240530 23:38:31.364" level="INFO">${EMAIL_TESTE} = asnp@emailteste.com</msg>
<status status="PASS" starttime="20240530 23:38:31.364" endtime="20240530 23:38:31.364"/>
</kw>
<kw name="Log" library="BuiltIn">
<arg>${EMAIL_TESTE}</arg>
<doc>Logs the given message with the given level.</doc>
<msg timestamp="20240530 23:38:31.364" level="INFO">asnp@emailteste.com</msg>
<status status="PASS" starttime="20240530 23:38:31.364" endtime="20240530 23:38:31.364"/>
</kw>
<status status="PASS" starttime="20240530 23:38:31.349" endtime="20240530 23:38:31.364"/>
</kw>
<kw name="Cadastrar o usuário criado na ServeRest" library="api_testing_usuarios">
<arg>email=${EMAIL_TESTE}</arg>
<arg>status_code_desejado=201</arg>
<kw name="Create Dictionary" library="BuiltIn">
<var>${body}</var>
<arg>nome=Fulano da Silva</arg>
<arg>email=${email}</arg>
<arg>password=1234</arg>
<arg>administrador=true</arg>
<doc>Creates and returns a dictionary based on the given ``items``.</doc>
<msg timestamp="20240530 23:38:31.364" level="INFO">${body} = {'nome': 'Fulano da Silva', 'email': 'asnp@emailteste.com', 'password': '1234', 'administrador': 'true'}</msg>
<status status="PASS" starttime="20240530 23:38:31.364" endtime="20240530 23:38:31.364"/>
</kw>
<kw name="Criar Sessão na ServeRest" library="api_testing_usuarios">
<kw name="Create Dictionary" library="BuiltIn">
<var>${headers}</var>
<arg>accept=application/json</arg>
<arg>Content-Type=application/json</arg>
<doc>Creates and returns a dictionary based on the given ``items``.</doc>
<msg timestamp="20240530 23:38:31.364" level="INFO">${headers} = {'accept': 'application/json', 'Content-Type': 'application/json'}</msg>
<status status="PASS" starttime="20240530 23:38:31.364" endtime="20240530 23:38:31.364"/>
</kw>
<kw name="Create Session" library="RequestsLibrary">
<arg>alias=ServeRest</arg>
<arg>url=https://serverest.dev</arg>
<arg>headers=${headers}</arg>
<doc>Create Session: create a HTTP session to a server</doc>
<msg timestamp="20240530 23:38:31.364" level="INFO">Creating Session using : alias=ServeRest, url=https://serverest.dev, headers={'accept': 'application/json', 'Content-Type': 'application/json'},                     cookies={}, auth=None, timeout=None, proxies=None, verify=False,                     debug=0 </msg>
<status status="PASS" starttime="20240530 23:38:31.364" endtime="20240530 23:38:31.364"/>
</kw>
<status status="PASS" starttime="20240530 23:38:31.364" endtime="20240530 23:38:31.364"/>
</kw>
<kw name="POST On Session" library="RequestsLibrary">
<var>${resposta}</var>
<arg>alias=ServeRest</arg>
<arg>url=/usuarios</arg>
<arg>json=${body}</arg>
<arg>expected_status=${status_code_desejado}</arg>
<doc>Sends a POST request on a previously created HTTP Session.</doc>
<msg timestamp="20240530 23:38:31.742" level="INFO">POST Request : url=https://serverest.dev/usuarios 
 path_url=/usuarios 
 headers={'User-Agent': 'python-requests/2.28.2', 'Accept-Encoding': 'gzip, deflate', 'accept': 'application/json', 'Connection': 'keep-alive', 'Content-Type': 'application/json', 'Content-Length': '104'} 
 body=b'{"nome": "Fulano da Silva", "email": "asnp@emailteste.com", "password": "1234", "administrador": "true"}' 
 </msg>
<msg timestamp="20240530 23:38:31.742" level="INFO">POST Response : url=https://serverest.dev/usuarios 
 status=201, reason=Created 
 headers={'access-control-allow-origin': '*', 'x-dns-prefetch-control': 'off', 'x-frame-options': 'SAMEORIGIN', 'strict-transport-security': 'max-age=15552000; includeSubDomains', 'x-download-options': 'noopen', 'x-content-type-options': 'nosniff', 'x-xss-protection': '1; mode=block', 'content-type': 'application/json; charset=utf-8', 'X-Cloud-Trace-Context': '73b0620a977535d0adc5662d0059bd83', 'Date': 'Fri, 31 May 2024 02:37:16 GMT', 'Server': 'Google Frontend', 'Content-Length': '82'} 
 body={
    "message": "Cadastro realizado com sucesso",
    "_id": "XevZw6RJEyVAL4sh"
} 
 </msg>
<msg timestamp="20240530 23:38:31.742" level="INFO">C:\Users\Edu\AppData\Local\Programs\Python\Python311\Lib\site-packages\urllib3\connectionpool.py:1045: InsecureRequestWarning: Unverified HTTPS request is being made to host 'serverest.dev'. Adding certificate verification is strongly advised. See: https://urllib3.readthedocs.io/en/1.26.x/advanced-usage.html#ssl-warnings
  warnings.warn(</msg>
<msg timestamp="20240530 23:38:31.742" level="INFO">${resposta} = &lt;Response [201]&gt;</msg>
<status status="PASS" starttime="20240530 23:38:31.364" endtime="20240530 23:38:31.742"/>
</kw>
<kw name="Log" library="BuiltIn">
<arg>{resposta.json()}</arg>
<doc>Logs the given message with the given level.</doc>
<msg timestamp="20240530 23:38:31.742" level="INFO">{resposta.json()}</msg>
<status status="PASS" starttime="20240530 23:38:31.742" endtime="20240530 23:38:31.742"/>
</kw>
<if>
<branch type="IF" condition="${resposta.status_code} == 201">
<kw name="Set Test Variable" library="BuiltIn">
<arg>${ID_USUARIO}</arg>
<arg>${resposta.json()["_id"]}</arg>
<doc>Makes a variable available everywhere within the scope of the current test.</doc>
<msg timestamp="20240530 23:38:31.757" level="INFO">${ID_USUARIO} = XevZw6RJEyVAL4sh</msg>
<status status="PASS" starttime="20240530 23:38:31.757" endtime="20240530 23:38:31.757"/>
</kw>
<status status="PASS" starttime="20240530 23:38:31.757" endtime="20240530 23:38:31.757"/>
</branch>
<status status="PASS" starttime="20240530 23:38:31.757" endtime="20240530 23:38:31.757"/>
</if>
<kw name="Set Test Variable" library="BuiltIn">
<arg>${RESPOSTA}</arg>
<arg>${resposta.json()}</arg>
<doc>Makes a variable available everywhere within the scope of the current test.</doc>
<msg timestamp="20240530 23:38:31.757" level="INFO">${RESPOSTA} = {'message': 'Cadastro realizado com sucesso', '_id': 'XevZw6RJEyVAL4sh'}</msg>
<status status="PASS" starttime="20240530 23:38:31.757" endtime="20240530 23:38:31.757"/>
</kw>
<status status="PASS" starttime="20240530 23:38:31.364" endtime="20240530 23:38:31.757"/>
</kw>
<kw name="Repetir o cadastro do usuário" library="api_testing_usuarios">
<kw name="Cadastrar o usuário criado na ServeRest" library="api_testing_usuarios">
<arg>email=${EMAIL_TESTE}</arg>
<arg>status_code_desejado=400</arg>
<kw name="Create Dictionary" library="BuiltIn">
<var>${body}</var>
<arg>nome=Fulano da Silva</arg>
<arg>email=${email}</arg>
<arg>password=1234</arg>
<arg>administrador=true</arg>
<doc>Creates and returns a dictionary based on the given ``items``.</doc>
<msg timestamp="20240530 23:38:31.757" level="INFO">${body} = {'nome': 'Fulano da Silva', 'email': 'asnp@emailteste.com', 'password': '1234', 'administrador': 'true'}</msg>
<status status="PASS" starttime="20240530 23:38:31.757" endtime="20240530 23:38:31.757"/>
</kw>
<kw name="Criar Sessão na ServeRest" library="api_testing_usuarios">
<kw name="Create Dictionary" library="BuiltIn">
<var>${headers}</var>
<arg>accept=application/json</arg>
<arg>Content-Type=application/json</arg>
<doc>Creates and returns a dictionary based on the given ``items``.</doc>
<msg timestamp="20240530 23:38:31.757" level="INFO">${headers} = {'accept': 'application/json', 'Content-Type': 'application/json'}</msg>
<status status="PASS" starttime="20240530 23:38:31.757" endtime="20240530 23:38:31.757"/>
</kw>
<kw name="Create Session" library="RequestsLibrary">
<arg>alias=ServeRest</arg>
<arg>url=https://serverest.dev</arg>
<arg>headers=${headers}</arg>
<doc>Create Session: create a HTTP session to a server</doc>
<msg timestamp="20240530 23:38:31.773" level="INFO">Creating Session using : alias=ServeRest, url=https://serverest.dev, headers={'accept': 'application/json', 'Content-Type': 'application/json'},                     cookies={}, auth=None, timeout=None, proxies=None, verify=False,                     debug=0 </msg>
<status status="PASS" starttime="20240530 23:38:31.757" endtime="20240530 23:38:31.773"/>
</kw>
<status status="PASS" starttime="20240530 23:38:31.757" endtime="20240530 23:38:31.773"/>
</kw>
<kw name="POST On Session" library="RequestsLibrary">
<var>${resposta}</var>
<arg>alias=ServeRest</arg>
<arg>url=/usuarios</arg>
<arg>json=${body}</arg>
<arg>expected_status=${status_code_desejado}</arg>
<doc>Sends a POST request on a previously created HTTP Session.</doc>
<msg timestamp="20240530 23:38:32.136" level="INFO">POST Request : url=https://serverest.dev/usuarios 
 path_url=/usuarios 
 headers={'User-Agent': 'python-requests/2.28.2', 'Accept-Encoding': 'gzip, deflate', 'accept': 'application/json', 'Connection': 'keep-alive', 'Content-Type': 'application/json', 'Content-Length': '104'} 
 body=b'{"nome": "Fulano da Silva", "email": "asnp@emailteste.com", "password": "1234", "administrador": "true"}' 
 </msg>
<msg timestamp="20240530 23:38:32.136" level="INFO">POST Response : url=https://serverest.dev/usuarios 
 status=400, reason=Bad Request 
 headers={'access-control-allow-origin': '*', 'x-dns-prefetch-control': 'off', 'x-frame-options': 'SAMEORIGIN', 'strict-transport-security': 'max-age=15552000; includeSubDomains', 'x-download-options': 'noopen', 'x-content-type-options': 'nosniff', 'x-xss-protection': '1; mode=block', 'content-type': 'application/json; charset=utf-8', 'X-Cloud-Trace-Context': '37563b32b9948183955fe6da244f8229', 'Date': 'Fri, 31 May 2024 02:37:16 GMT', 'Server': 'Google Frontend', 'Content-Length': '53'} 
 body={
    "message": "Este email já está sendo usado"
} 
 </msg>
<msg timestamp="20240530 23:38:32.136" level="INFO">C:\Users\Edu\AppData\Local\Programs\Python\Python311\Lib\site-packages\urllib3\connectionpool.py:1045: InsecureRequestWarning: Unverified HTTPS request is being made to host 'serverest.dev'. Adding certificate verification is strongly advised. See: https://urllib3.readthedocs.io/en/1.26.x/advanced-usage.html#ssl-warnings
  warnings.warn(</msg>
<msg timestamp="20240530 23:38:32.136" level="INFO">${resposta} = &lt;Response [400]&gt;</msg>
<status status="PASS" starttime="20240530 23:38:31.773" endtime="20240530 23:38:32.136"/>
</kw>
<kw name="Log" library="BuiltIn">
<arg>{resposta.json()}</arg>
<doc>Logs the given message with the given level.</doc>
<msg timestamp="20240530 23:38:32.136" level="INFO">{resposta.json()}</msg>
<status status="PASS" starttime="20240530 23:38:32.136" endtime="20240530 23:38:32.136"/>
</kw>
<if>
<branch type="IF" condition="${resposta.status_code} == 201">
<kw name="Set Test Variable" library="BuiltIn">
<arg>${ID_USUARIO}</arg>
<arg>${resposta.json()["_id"]}</arg>
<doc>Makes a variable available everywhere within the scope of the current test.</doc>
<status status="NOT RUN" starttime="20240530 23:38:32.136" endtime="20240530 23:38:32.136"/>
</kw>
<status status="NOT RUN" starttime="20240530 23:38:32.136" endtime="20240530 23:38:32.136"/>
</branch>
<status status="PASS" starttime="20240530 23:38:32.136" endtime="20240530 23:38:32.136"/>
</if>
<kw name="Set Test Variable" library="BuiltIn">
<arg>${RESPOSTA}</arg>
<arg>${resposta.json()}</arg>
<doc>Makes a variable available everywhere within the scope of the current test.</doc>
<msg timestamp="20240530 23:38:32.136" level="INFO">${RESPOSTA} = {'message': 'Este email já está sendo usado'}</msg>
<status status="PASS" starttime="20240530 23:38:32.136" endtime="20240530 23:38:32.136"/>
</kw>
<status status="PASS" starttime="20240530 23:38:31.757" endtime="20240530 23:38:32.136"/>
</kw>
<status status="PASS" starttime="20240530 23:38:31.757" endtime="20240530 23:38:32.136"/>
</kw>
<kw name="Verificar se a API não permitiu o cadastro repetido" library="api_testing_usuarios">
<kw name="Dictionary Should Contain Item" library="Collections">
<arg>${RESPOSTA}</arg>
<arg>message</arg>
<arg>Este email já está sendo usado</arg>
<doc>An item of ``key`` / ``value`` must be found in a ``dictionary``.</doc>
<status status="PASS" starttime="20240530 23:38:32.136" endtime="20240530 23:38:32.136"/>
</kw>
<status status="PASS" starttime="20240530 23:38:32.136" endtime="20240530 23:38:32.136"/>
</kw>
<status status="PASS" starttime="20240530 23:38:31.349" endtime="20240530 23:38:32.136"/>
</test>
<test id="s1-s1-t3" name="Cenário 03: Consultar os Dados de Um Novo usuário" line="21">
<kw name="Criar um usuário novo" library="api_testing_usuarios">
<kw name="Generate Random String" library="String">
<var>${palavra_aleatoria}</var>
<arg>length=4</arg>
<arg>chars=[LETTERS]</arg>
<doc>Generates a string with a desired ``length`` from the given ``chars``.</doc>
<msg timestamp="20240530 23:38:32.136" level="INFO">${palavra_aleatoria} = WHCj</msg>
<status status="PASS" starttime="20240530 23:38:32.136" endtime="20240530 23:38:32.136"/>
</kw>
<kw name="Convert To Lower Case" library="String">
<var>${palavra_aleatoria}</var>
<arg>${palavra_aleatoria}</arg>
<doc>Converts string to lower case.</doc>
<msg timestamp="20240530 23:38:32.136" level="INFO">${palavra_aleatoria} = whcj</msg>
<status status="PASS" starttime="20240530 23:38:32.136" endtime="20240530 23:38:32.136"/>
</kw>
<kw name="Set Test Variable" library="BuiltIn">
<arg>${EMAIL_TESTE}</arg>
<arg>${palavra_aleatoria}@emailteste.com</arg>
<doc>Makes a variable available everywhere within the scope of the current test.</doc>
<msg timestamp="20240530 23:38:32.136" level="INFO">${EMAIL_TESTE} = whcj@emailteste.com</msg>
<status status="PASS" starttime="20240530 23:38:32.136" endtime="20240530 23:38:32.136"/>
</kw>
<kw name="Log" library="BuiltIn">
<arg>${EMAIL_TESTE}</arg>
<doc>Logs the given message with the given level.</doc>
<msg timestamp="20240530 23:38:32.136" level="INFO">whcj@emailteste.com</msg>
<status status="PASS" starttime="20240530 23:38:32.136" endtime="20240530 23:38:32.136"/>
</kw>
<status status="PASS" starttime="20240530 23:38:32.136" endtime="20240530 23:38:32.136"/>
</kw>
<kw name="Cadastrar o usuário criado na ServeRest" library="api_testing_usuarios">
<arg>email=${EMAIL_TESTE}</arg>
<arg>status_code_desejado=201</arg>
<kw name="Create Dictionary" library="BuiltIn">
<var>${body}</var>
<arg>nome=Fulano da Silva</arg>
<arg>email=${email}</arg>
<arg>password=1234</arg>
<arg>administrador=true</arg>
<doc>Creates and returns a dictionary based on the given ``items``.</doc>
<msg timestamp="20240530 23:38:32.136" level="INFO">${body} = {'nome': 'Fulano da Silva', 'email': 'whcj@emailteste.com', 'password': '1234', 'administrador': 'true'}</msg>
<status status="PASS" starttime="20240530 23:38:32.136" endtime="20240530 23:38:32.136"/>
</kw>
<kw name="Criar Sessão na ServeRest" library="api_testing_usuarios">
<kw name="Create Dictionary" library="BuiltIn">
<var>${headers}</var>
<arg>accept=application/json</arg>
<arg>Content-Type=application/json</arg>
<doc>Creates and returns a dictionary based on the given ``items``.</doc>
<msg timestamp="20240530 23:38:32.136" level="INFO">${headers} = {'accept': 'application/json', 'Content-Type': 'application/json'}</msg>
<status status="PASS" starttime="20240530 23:38:32.136" endtime="20240530 23:38:32.136"/>
</kw>
<kw name="Create Session" library="RequestsLibrary">
<arg>alias=ServeRest</arg>
<arg>url=https://serverest.dev</arg>
<arg>headers=${headers}</arg>
<doc>Create Session: create a HTTP session to a server</doc>
<msg timestamp="20240530 23:38:32.136" level="INFO">Creating Session using : alias=ServeRest, url=https://serverest.dev, headers={'accept': 'application/json', 'Content-Type': 'application/json'},                     cookies={}, auth=None, timeout=None, proxies=None, verify=False,                     debug=0 </msg>
<status status="PASS" starttime="20240530 23:38:32.136" endtime="20240530 23:38:32.152"/>
</kw>
<status status="PASS" starttime="20240530 23:38:32.136" endtime="20240530 23:38:32.152"/>
</kw>
<kw name="POST On Session" library="RequestsLibrary">
<var>${resposta}</var>
<arg>alias=ServeRest</arg>
<arg>url=/usuarios</arg>
<arg>json=${body}</arg>
<arg>expected_status=${status_code_desejado}</arg>
<doc>Sends a POST request on a previously created HTTP Session.</doc>
<msg timestamp="20240530 23:38:32.497" level="INFO">POST Request : url=https://serverest.dev/usuarios 
 path_url=/usuarios 
 headers={'User-Agent': 'python-requests/2.28.2', 'Accept-Encoding': 'gzip, deflate', 'accept': 'application/json', 'Connection': 'keep-alive', 'Content-Type': 'application/json', 'Content-Length': '104'} 
 body=b'{"nome": "Fulano da Silva", "email": "whcj@emailteste.com", "password": "1234", "administrador": "true"}' 
 </msg>
<msg timestamp="20240530 23:38:32.497" level="INFO">POST Response : url=https://serverest.dev/usuarios 
 status=201, reason=Created 
 headers={'access-control-allow-origin': '*', 'x-dns-prefetch-control': 'off', 'x-frame-options': 'SAMEORIGIN', 'strict-transport-security': 'max-age=15552000; includeSubDomains', 'x-download-options': 'noopen', 'x-content-type-options': 'nosniff', 'x-xss-protection': '1; mode=block', 'content-type': 'application/json; charset=utf-8', 'X-Cloud-Trace-Context': '19706bdbe792dcf22341da4b48cfa37e', 'Date': 'Fri, 31 May 2024 02:37:16 GMT', 'Server': 'Google Frontend', 'Content-Length': '82'} 
 body={
    "message": "Cadastro realizado com sucesso",
    "_id": "9W9TcrvvU5HfT784"
} 
 </msg>
<msg timestamp="20240530 23:38:32.497" level="INFO">C:\Users\Edu\AppData\Local\Programs\Python\Python311\Lib\site-packages\urllib3\connectionpool.py:1045: InsecureRequestWarning: Unverified HTTPS request is being made to host 'serverest.dev'. Adding certificate verification is strongly advised. See: https://urllib3.readthedocs.io/en/1.26.x/advanced-usage.html#ssl-warnings
  warnings.warn(</msg>
<msg timestamp="20240530 23:38:32.509" level="INFO">${resposta} = &lt;Response [201]&gt;</msg>
<status status="PASS" starttime="20240530 23:38:32.152" endtime="20240530 23:38:32.509"/>
</kw>
<kw name="Log" library="BuiltIn">
<arg>{resposta.json()}</arg>
<doc>Logs the given message with the given level.</doc>
<msg timestamp="20240530 23:38:32.509" level="INFO">{resposta.json()}</msg>
<status status="PASS" starttime="20240530 23:38:32.509" endtime="20240530 23:38:32.509"/>
</kw>
<if>
<branch type="IF" condition="${resposta.status_code} == 201">
<kw name="Set Test Variable" library="BuiltIn">
<arg>${ID_USUARIO}</arg>
<arg>${resposta.json()["_id"]}</arg>
<doc>Makes a variable available everywhere within the scope of the current test.</doc>
<msg timestamp="20240530 23:38:32.513" level="INFO">${ID_USUARIO} = 9W9TcrvvU5HfT784</msg>
<status status="PASS" starttime="20240530 23:38:32.509" endtime="20240530 23:38:32.513"/>
</kw>
<status status="PASS" starttime="20240530 23:38:32.509" endtime="20240530 23:38:32.513"/>
</branch>
<status status="PASS" starttime="20240530 23:38:32.509" endtime="20240530 23:38:32.513"/>
</if>
<kw name="Set Test Variable" library="BuiltIn">
<arg>${RESPOSTA}</arg>
<arg>${resposta.json()}</arg>
<doc>Makes a variable available everywhere within the scope of the current test.</doc>
<msg timestamp="20240530 23:38:32.513" level="INFO">${RESPOSTA} = {'message': 'Cadastro realizado com sucesso', '_id': '9W9TcrvvU5HfT784'}</msg>
<status status="PASS" starttime="20240530 23:38:32.513" endtime="20240530 23:38:32.513"/>
</kw>
<status status="PASS" starttime="20240530 23:38:32.136" endtime="20240530 23:38:32.513"/>
</kw>
<kw name="Consultar os dados do novo usuário" library="api_testing_usuarios">
<kw name="GET On Session" library="RequestsLibrary">
<var>${resposta_consulta}</var>
<arg>alias=ServeRest</arg>
<arg>url=/usuarios/${ID_USUARIO}</arg>
<arg>expected_status=200</arg>
<doc>Sends a GET request on a previously created HTTP Session.</doc>
<msg timestamp="20240530 23:38:32.670" level="INFO">GET Request : url=https://serverest.dev/usuarios/9W9TcrvvU5HfT784 
 path_url=/usuarios/9W9TcrvvU5HfT784 
 headers={'User-Agent': 'python-requests/2.28.2', 'Accept-Encoding': 'gzip, deflate', 'accept': 'application/json', 'Connection': 'keep-alive', 'Content-Type': 'application/json'} 
 body=None 
 </msg>
<msg timestamp="20240530 23:38:32.670" level="INFO">GET Response : url=https://serverest.dev/usuarios/9W9TcrvvU5HfT784 
 status=200, reason=OK 
 headers={'access-control-allow-origin': '*', 'x-dns-prefetch-control': 'off', 'x-frame-options': 'SAMEORIGIN', 'strict-transport-security': 'max-age=15552000; includeSubDomains', 'x-download-options': 'noopen', 'x-content-type-options': 'nosniff', 'x-xss-protection': '1; mode=block', 'content-type': 'application/json; charset=utf-8', 'X-Cloud-Trace-Context': '77635e25b80b098768e835fc0809669d', 'Date': 'Fri, 31 May 2024 02:37:17 GMT', 'Server': 'Google Frontend', 'Content-Length': '153'} 
 body={
    "nome": "Fulano da Silva",
    "email": "whcj@emailteste.com",
    "password": "1234",
    "administrador": "true",
    "_id": "9W9TcrvvU5HfT784"
} 
 </msg>
<msg timestamp="20240530 23:38:32.670" level="INFO">C:\Users\Edu\AppData\Local\Programs\Python\Python311\Lib\site-packages\urllib3\connectionpool.py:1045: InsecureRequestWarning: Unverified HTTPS request is being made to host 'serverest.dev'. Adding certificate verification is strongly advised. See: https://urllib3.readthedocs.io/en/1.26.x/advanced-usage.html#ssl-warnings
  warnings.warn(</msg>
<msg timestamp="20240530 23:38:32.670" level="INFO">${resposta_consulta} = &lt;Response [200]&gt;</msg>
<status status="PASS" starttime="20240530 23:38:32.513" endtime="20240530 23:38:32.670"/>
</kw>
<kw name="Set Test Variable" library="BuiltIn">
<arg>${RESP_CONSULTA}</arg>
<arg>${resposta_consulta.json()}</arg>
<doc>Makes a variable available everywhere within the scope of the current test.</doc>
<msg timestamp="20240530 23:38:32.686" level="INFO">${RESP_CONSULTA} = {'nome': 'Fulano da Silva', 'email': 'whcj@emailteste.com', 'password': '1234', 'administrador': 'true', '_id': '9W9TcrvvU5HfT784'}</msg>
<status status="PASS" starttime="20240530 23:38:32.670" endtime="20240530 23:38:32.686"/>
</kw>
<status status="PASS" starttime="20240530 23:38:32.513" endtime="20240530 23:38:32.686"/>
</kw>
<kw name="Conferir os dados retornados" library="api_testing_usuarios">
<kw name="Log" library="BuiltIn">
<arg>${RESP_CONSULTA}</arg>
<doc>Logs the given message with the given level.</doc>
<msg timestamp="20240530 23:38:32.686" level="INFO">{'nome': 'Fulano da Silva', 'email': 'whcj@emailteste.com', 'password': '1234', 'administrador': 'true', '_id': '9W9TcrvvU5HfT784'}</msg>
<status status="PASS" starttime="20240530 23:38:32.686" endtime="20240530 23:38:32.686"/>
</kw>
<kw name="Dictionary Should Contain Item" library="Collections">
<arg>${RESP_CONSULTA}</arg>
<arg>nome</arg>
<arg>Fulano da Silva</arg>
<doc>An item of ``key`` / ``value`` must be found in a ``dictionary``.</doc>
<status status="PASS" starttime="20240530 23:38:32.686" endtime="20240530 23:38:32.686"/>
</kw>
<kw name="Dictionary Should Contain Item" library="Collections">
<arg>${RESP_CONSULTA}</arg>
<arg>email</arg>
<arg>${EMAIL_TESTE}</arg>
<doc>An item of ``key`` / ``value`` must be found in a ``dictionary``.</doc>
<status status="PASS" starttime="20240530 23:38:32.686" endtime="20240530 23:38:32.686"/>
</kw>
<kw name="Dictionary Should Contain Item" library="Collections">
<arg>${RESP_CONSULTA}</arg>
<arg>password</arg>
<arg>1234</arg>
<doc>An item of ``key`` / ``value`` must be found in a ``dictionary``.</doc>
<status status="PASS" starttime="20240530 23:38:32.686" endtime="20240530 23:38:32.686"/>
</kw>
<kw name="Dictionary Should Contain Item" library="Collections">
<arg>${RESP_CONSULTA}</arg>
<arg>administrador</arg>
<arg>true</arg>
<doc>An item of ``key`` / ``value`` must be found in a ``dictionary``.</doc>
<status status="PASS" starttime="20240530 23:38:32.686" endtime="20240530 23:38:32.686"/>
</kw>
<kw name="Dictionary Should Contain Item" library="Collections">
<arg>${RESP_CONSULTA}</arg>
<arg>_id</arg>
<arg>${ID_USUARIO}</arg>
<doc>An item of ``key`` / ``value`` must be found in a ``dictionary``.</doc>
<status status="PASS" starttime="20240530 23:38:32.686" endtime="20240530 23:38:32.686"/>
</kw>
<status status="PASS" starttime="20240530 23:38:32.686" endtime="20240530 23:38:32.686"/>
</kw>
<status status="PASS" starttime="20240530 23:38:32.136" endtime="20240530 23:38:32.686"/>
</test>
<test id="s1-s1-t4" name="Cenário 04: Logar com o novo usuário criado" line="27">
<kw name="Criar um usuário novo" library="api_testing_usuarios">
<kw name="Generate Random String" library="String">
<var>${palavra_aleatoria}</var>
<arg>length=4</arg>
<arg>chars=[LETTERS]</arg>
<doc>Generates a string with a desired ``length`` from the given ``chars``.</doc>
<msg timestamp="20240530 23:38:32.701" level="INFO">${palavra_aleatoria} = ghBa</msg>
<status status="PASS" starttime="20240530 23:38:32.701" endtime="20240530 23:38:32.701"/>
</kw>
<kw name="Convert To Lower Case" library="String">
<var>${palavra_aleatoria}</var>
<arg>${palavra_aleatoria}</arg>
<doc>Converts string to lower case.</doc>
<msg timestamp="20240530 23:38:32.701" level="INFO">${palavra_aleatoria} = ghba</msg>
<status status="PASS" starttime="20240530 23:38:32.701" endtime="20240530 23:38:32.701"/>
</kw>
<kw name="Set Test Variable" library="BuiltIn">
<arg>${EMAIL_TESTE}</arg>
<arg>${palavra_aleatoria}@emailteste.com</arg>
<doc>Makes a variable available everywhere within the scope of the current test.</doc>
<msg timestamp="20240530 23:38:32.701" level="INFO">${EMAIL_TESTE} = ghba@emailteste.com</msg>
<status status="PASS" starttime="20240530 23:38:32.701" endtime="20240530 23:38:32.701"/>
</kw>
<kw name="Log" library="BuiltIn">
<arg>${EMAIL_TESTE}</arg>
<doc>Logs the given message with the given level.</doc>
<msg timestamp="20240530 23:38:32.701" level="INFO">ghba@emailteste.com</msg>
<status status="PASS" starttime="20240530 23:38:32.701" endtime="20240530 23:38:32.709"/>
</kw>
<status status="PASS" starttime="20240530 23:38:32.701" endtime="20240530 23:38:32.709"/>
</kw>
<kw name="Cadastrar o usuário criado na ServeRest" library="api_testing_usuarios">
<arg>email=${EMAIL_TESTE}</arg>
<arg>status_code_desejado=201</arg>
<kw name="Create Dictionary" library="BuiltIn">
<var>${body}</var>
<arg>nome=Fulano da Silva</arg>
<arg>email=${email}</arg>
<arg>password=1234</arg>
<arg>administrador=true</arg>
<doc>Creates and returns a dictionary based on the given ``items``.</doc>
<msg timestamp="20240530 23:38:32.709" level="INFO">${body} = {'nome': 'Fulano da Silva', 'email': 'ghba@emailteste.com', 'password': '1234', 'administrador': 'true'}</msg>
<status status="PASS" starttime="20240530 23:38:32.709" endtime="20240530 23:38:32.709"/>
</kw>
<kw name="Criar Sessão na ServeRest" library="api_testing_usuarios">
<kw name="Create Dictionary" library="BuiltIn">
<var>${headers}</var>
<arg>accept=application/json</arg>
<arg>Content-Type=application/json</arg>
<doc>Creates and returns a dictionary based on the given ``items``.</doc>
<msg timestamp="20240530 23:38:32.709" level="INFO">${headers} = {'accept': 'application/json', 'Content-Type': 'application/json'}</msg>
<status status="PASS" starttime="20240530 23:38:32.709" endtime="20240530 23:38:32.709"/>
</kw>
<kw name="Create Session" library="RequestsLibrary">
<arg>alias=ServeRest</arg>
<arg>url=https://serverest.dev</arg>
<arg>headers=${headers}</arg>
<doc>Create Session: create a HTTP session to a server</doc>
<msg timestamp="20240530 23:38:32.709" level="INFO">Creating Session using : alias=ServeRest, url=https://serverest.dev, headers={'accept': 'application/json', 'Content-Type': 'application/json'},                     cookies={}, auth=None, timeout=None, proxies=None, verify=False,                     debug=0 </msg>
<status status="PASS" starttime="20240530 23:38:32.709" endtime="20240530 23:38:32.709"/>
</kw>
<status status="PASS" starttime="20240530 23:38:32.709" endtime="20240530 23:38:32.709"/>
</kw>
<kw name="POST On Session" library="RequestsLibrary">
<var>${resposta}</var>
<arg>alias=ServeRest</arg>
<arg>url=/usuarios</arg>
<arg>json=${body}</arg>
<arg>expected_status=${status_code_desejado}</arg>
<doc>Sends a POST request on a previously created HTTP Session.</doc>
<msg timestamp="20240530 23:38:33.063" level="INFO">POST Request : url=https://serverest.dev/usuarios 
 path_url=/usuarios 
 headers={'User-Agent': 'python-requests/2.28.2', 'Accept-Encoding': 'gzip, deflate', 'accept': 'application/json', 'Connection': 'keep-alive', 'Content-Type': 'application/json', 'Content-Length': '104'} 
 body=b'{"nome": "Fulano da Silva", "email": "ghba@emailteste.com", "password": "1234", "administrador": "true"}' 
 </msg>
<msg timestamp="20240530 23:38:33.063" level="INFO">POST Response : url=https://serverest.dev/usuarios 
 status=201, reason=Created 
 headers={'access-control-allow-origin': '*', 'x-dns-prefetch-control': 'off', 'x-frame-options': 'SAMEORIGIN', 'strict-transport-security': 'max-age=15552000; includeSubDomains', 'x-download-options': 'noopen', 'x-content-type-options': 'nosniff', 'x-xss-protection': '1; mode=block', 'content-type': 'application/json; charset=utf-8', 'X-Cloud-Trace-Context': '3179ff6d738778a812ffff24b0124a4c', 'Date': 'Fri, 31 May 2024 02:37:17 GMT', 'Server': 'Google Frontend', 'Content-Length': '82'} 
 body={
    "message": "Cadastro realizado com sucesso",
    "_id": "mdonHtVeFXFvEoz4"
} 
 </msg>
<msg timestamp="20240530 23:38:33.063" level="INFO">C:\Users\Edu\AppData\Local\Programs\Python\Python311\Lib\site-packages\urllib3\connectionpool.py:1045: InsecureRequestWarning: Unverified HTTPS request is being made to host 'serverest.dev'. Adding certificate verification is strongly advised. See: https://urllib3.readthedocs.io/en/1.26.x/advanced-usage.html#ssl-warnings
  warnings.warn(</msg>
<msg timestamp="20240530 23:38:33.063" level="INFO">${resposta} = &lt;Response [201]&gt;</msg>
<status status="PASS" starttime="20240530 23:38:32.709" endtime="20240530 23:38:33.063"/>
</kw>
<kw name="Log" library="BuiltIn">
<arg>{resposta.json()}</arg>
<doc>Logs the given message with the given level.</doc>
<msg timestamp="20240530 23:38:33.063" level="INFO">{resposta.json()}</msg>
<status status="PASS" starttime="20240530 23:38:33.063" endtime="20240530 23:38:33.063"/>
</kw>
<if>
<branch type="IF" condition="${resposta.status_code} == 201">
<kw name="Set Test Variable" library="BuiltIn">
<arg>${ID_USUARIO}</arg>
<arg>${resposta.json()["_id"]}</arg>
<doc>Makes a variable available everywhere within the scope of the current test.</doc>
<msg timestamp="20240530 23:38:33.063" level="INFO">${ID_USUARIO} = mdonHtVeFXFvEoz4</msg>
<status status="PASS" starttime="20240530 23:38:33.063" endtime="20240530 23:38:33.063"/>
</kw>
<status status="PASS" starttime="20240530 23:38:33.063" endtime="20240530 23:38:33.063"/>
</branch>
<status status="PASS" starttime="20240530 23:38:33.063" endtime="20240530 23:38:33.063"/>
</if>
<kw name="Set Test Variable" library="BuiltIn">
<arg>${RESPOSTA}</arg>
<arg>${resposta.json()}</arg>
<doc>Makes a variable available everywhere within the scope of the current test.</doc>
<msg timestamp="20240530 23:38:33.079" level="INFO">${RESPOSTA} = {'message': 'Cadastro realizado com sucesso', '_id': 'mdonHtVeFXFvEoz4'}</msg>
<status status="PASS" starttime="20240530 23:38:33.063" endtime="20240530 23:38:33.079"/>
</kw>
<status status="PASS" starttime="20240530 23:38:32.709" endtime="20240530 23:38:33.079"/>
</kw>
<kw name="Realizar Login com o usuário" library="api_testing_usuarios">
<kw name="Create Dictionary" library="BuiltIn">
<var>${body}</var>
<arg>email=${EMAIL_TESTE}</arg>
<arg>password=1234</arg>
<doc>Creates and returns a dictionary based on the given ``items``.</doc>
<msg timestamp="20240530 23:38:33.079" level="INFO">${body} = {'email': 'ghba@emailteste.com', 'password': '1234'}</msg>
<status status="PASS" starttime="20240530 23:38:33.079" endtime="20240530 23:38:33.079"/>
</kw>
<kw name="Criar Sessão na ServeRest" library="api_testing_usuarios">
<kw name="Create Dictionary" library="BuiltIn">
<var>${headers}</var>
<arg>accept=application/json</arg>
<arg>Content-Type=application/json</arg>
<doc>Creates and returns a dictionary based on the given ``items``.</doc>
<msg timestamp="20240530 23:38:33.079" level="INFO">${headers} = {'accept': 'application/json', 'Content-Type': 'application/json'}</msg>
<status status="PASS" starttime="20240530 23:38:33.079" endtime="20240530 23:38:33.079"/>
</kw>
<kw name="Create Session" library="RequestsLibrary">
<arg>alias=ServeRest</arg>
<arg>url=https://serverest.dev</arg>
<arg>headers=${headers}</arg>
<doc>Create Session: create a HTTP session to a server</doc>
<msg timestamp="20240530 23:38:33.079" level="INFO">Creating Session using : alias=ServeRest, url=https://serverest.dev, headers={'accept': 'application/json', 'Content-Type': 'application/json'},                     cookies={}, auth=None, timeout=None, proxies=None, verify=False,                     debug=0 </msg>
<status status="PASS" starttime="20240530 23:38:33.079" endtime="20240530 23:38:33.079"/>
</kw>
<status status="PASS" starttime="20240530 23:38:33.079" endtime="20240530 23:38:33.079"/>
</kw>
<kw name="POST On Session" library="RequestsLibrary">
<var>${resposta}</var>
<arg>alias=ServeRest</arg>
<arg>url=/login</arg>
<arg>json=${body}</arg>
<arg>expected_status=200</arg>
<doc>Sends a POST request on a previously created HTTP Session.</doc>
<msg timestamp="20240530 23:38:33.441" level="INFO">POST Request : url=https://serverest.dev/login 
 path_url=/login 
 headers={'User-Agent': 'python-requests/2.28.2', 'Accept-Encoding': 'gzip, deflate', 'accept': 'application/json', 'Connection': 'keep-alive', 'Content-Type': 'application/json', 'Content-Length': '52'} 
 body=b'{"email": "ghba@emailteste.com", "password": "1234"}' 
 </msg>
<msg timestamp="20240530 23:38:33.441" level="INFO">POST Response : url=https://serverest.dev/login 
 status=200, reason=OK 
 headers={'access-control-allow-origin': '*', 'x-dns-prefetch-control': 'off', 'x-frame-options': 'SAMEORIGIN', 'strict-transport-security': 'max-age=15552000; includeSubDomains', 'x-download-options': 'noopen', 'x-content-type-options': 'nosniff', 'x-xss-protection': '1; mode=block', 'content-type': 'application/json; charset=utf-8', 'X-Cloud-Trace-Context': '46c859ab6440ae7e20d0766d6c386832', 'Date': 'Fri, 31 May 2024 02:37:17 GMT', 'Server': 'Google Frontend', 'Content-Length': '272'} 
 body={
    "message": "Login realizado com sucesso",
    "authorization": "Bearer eyJhbGciOiJIUzI1NiIsInR5cCI6IkpXVCJ9.eyJlbWFpbCI6ImdoYmFAZW1haWx0ZXN0ZS5jb20iLCJwYXNzd29yZCI6IjEyMzQiLCJpYXQiOjE3MTcxMjMwMzcsImV4cCI6MTcxNzEyMzYzN30.DETF2vYHG0F6V33NpDblve1VsVBLbwWXKRdvYmF_ftE"
} 
 </msg>
<msg timestamp="20240530 23:38:33.441" level="INFO">C:\Users\Edu\AppData\Local\Programs\Python\Python311\Lib\site-packages\urllib3\connectionpool.py:1045: InsecureRequestWarning: Unverified HTTPS request is being made to host 'serverest.dev'. Adding certificate verification is strongly advised. See: https://urllib3.readthedocs.io/en/1.26.x/advanced-usage.html#ssl-warnings
  warnings.warn(</msg>
<msg timestamp="20240530 23:38:33.441" level="INFO">${resposta} = &lt;Response [200]&gt;</msg>
<status status="PASS" starttime="20240530 23:38:33.079" endtime="20240530 23:38:33.441"/>
</kw>
<kw name="Set Test Variable" library="BuiltIn">
<arg>${RESPOSTA}</arg>
<arg>${resposta.json()}</arg>
<doc>Makes a variable available everywhere within the scope of the current test.</doc>
<msg timestamp="20240530 23:38:33.441" level="INFO">${RESPOSTA} = {'message': 'Login realizado com sucesso', 'authorization': 'Bearer eyJhbGciOiJIUzI1NiIsInR5cCI6IkpXVCJ9.eyJlbWFpbCI6ImdoYmFAZW1haWx0ZXN0ZS5jb20iLCJwYXNzd29yZCI6IjEyMzQiLCJpYXQiOjE3MTcxMjMwMzcsImV4cCI...</msg>
<status status="PASS" starttime="20240530 23:38:33.441" endtime="20240530 23:38:33.441"/>
</kw>
<status status="PASS" starttime="20240530 23:38:33.079" endtime="20240530 23:38:33.441"/>
</kw>
<kw name="Conferir se o Login ocorreu com sucesso" library="api_testing_usuarios">
<kw name="Dictionary Should Contain Item" library="Collections">
<arg>${RESPOSTA}</arg>
<arg>message</arg>
<arg>Login realizado com sucesso</arg>
<doc>An item of ``key`` / ``value`` must be found in a ``dictionary``.</doc>
<status status="PASS" starttime="20240530 23:38:33.441" endtime="20240530 23:38:33.441"/>
</kw>
<status status="PASS" starttime="20240530 23:38:33.441" endtime="20240530 23:38:33.441"/>
</kw>
<status status="PASS" starttime="20240530 23:38:32.701" endtime="20240530 23:38:33.441"/>
</test>
<test id="s1-s1-t5" name="Cenário 05: Logar com usuário inexistente" line="33">
<kw name="Realizar Login com usuário inexistente" library="api_testing_usuarios">
<kw name="Create Dictionary" library="BuiltIn">
<var>${body}</var>
<arg>email=usuario_inexistente@erro.com.br</arg>
<arg>password=1234</arg>
<doc>Creates and returns a dictionary based on the given ``items``.</doc>
<msg timestamp="20240530 23:38:33.441" level="INFO">${body} = {'email': 'usuario_inexistente@erro.com.br', 'password': '1234'}</msg>
<status status="PASS" starttime="20240530 23:38:33.441" endtime="20240530 23:38:33.441"/>
</kw>
<kw name="Criar Sessão na ServeRest" library="api_testing_usuarios">
<kw name="Create Dictionary" library="BuiltIn">
<var>${headers}</var>
<arg>accept=application/json</arg>
<arg>Content-Type=application/json</arg>
<doc>Creates and returns a dictionary based on the given ``items``.</doc>
<msg timestamp="20240530 23:38:33.441" level="INFO">${headers} = {'accept': 'application/json', 'Content-Type': 'application/json'}</msg>
<status status="PASS" starttime="20240530 23:38:33.441" endtime="20240530 23:38:33.441"/>
</kw>
<kw name="Create Session" library="RequestsLibrary">
<arg>alias=ServeRest</arg>
<arg>url=https://serverest.dev</arg>
<arg>headers=${headers}</arg>
<doc>Create Session: create a HTTP session to a server</doc>
<msg timestamp="20240530 23:38:33.441" level="INFO">Creating Session using : alias=ServeRest, url=https://serverest.dev, headers={'accept': 'application/json', 'Content-Type': 'application/json'},                     cookies={}, auth=None, timeout=None, proxies=None, verify=False,                     debug=0 </msg>
<status status="PASS" starttime="20240530 23:38:33.441" endtime="20240530 23:38:33.441"/>
</kw>
<status status="PASS" starttime="20240530 23:38:33.441" endtime="20240530 23:38:33.441"/>
</kw>
<kw name="POST On Session" library="RequestsLibrary">
<var>${resposta}</var>
<arg>alias=ServeRest</arg>
<arg>url=/login</arg>
<arg>json=${body}</arg>
<arg>expected_status=401</arg>
<doc>Sends a POST request on a previously created HTTP Session.</doc>
<msg timestamp="20240530 23:38:33.787" level="INFO">POST Request : url=https://serverest.dev/login 
 path_url=/login 
 headers={'User-Agent': 'python-requests/2.28.2', 'Accept-Encoding': 'gzip, deflate', 'accept': 'application/json', 'Connection': 'keep-alive', 'Content-Type': 'application/json', 'Content-Length': '64'} 
 body=b'{"email": "usuario_inexistente@erro.com.br", "password": "1234"}' 
 </msg>
<msg timestamp="20240530 23:38:33.802" level="INFO">POST Response : url=https://serverest.dev/login 
 status=401, reason=Unauthorized 
 headers={'access-control-allow-origin': '*', 'x-dns-prefetch-control': 'off', 'x-frame-options': 'SAMEORIGIN', 'strict-transport-security': 'max-age=15552000; includeSubDomains', 'x-download-options': 'noopen', 'x-content-type-options': 'nosniff', 'x-xss-protection': '1; mode=block', 'content-type': 'application/json; charset=utf-8', 'X-Cloud-Trace-Context': '8b4dffa27510452a4b3a3281647b5472', 'Date': 'Fri, 31 May 2024 02:37:18 GMT', 'Server': 'Google Frontend', 'Content-Length': '48'} 
 body={
    "message": "Email e/ou senha inválidos"
} 
 </msg>
<msg timestamp="20240530 23:38:33.802" level="INFO">C:\Users\Edu\AppData\Local\Programs\Python\Python311\Lib\site-packages\urllib3\connectionpool.py:1045: InsecureRequestWarning: Unverified HTTPS request is being made to host 'serverest.dev'. Adding certificate verification is strongly advised. See: https://urllib3.readthedocs.io/en/1.26.x/advanced-usage.html#ssl-warnings
  warnings.warn(</msg>
<msg timestamp="20240530 23:38:33.802" level="INFO">${resposta} = &lt;Response [401]&gt;</msg>
<status status="PASS" starttime="20240530 23:38:33.441" endtime="20240530 23:38:33.802"/>
</kw>
<kw name="Set Test Variable" library="BuiltIn">
<arg>${RESPOSTA}</arg>
<arg>${resposta.json()}</arg>
<doc>Makes a variable available everywhere within the scope of the current test.</doc>
<msg timestamp="20240530 23:38:33.802" level="INFO">${RESPOSTA} = {'message': 'Email e/ou senha inválidos'}</msg>
<status status="PASS" starttime="20240530 23:38:33.802" endtime="20240530 23:38:33.802"/>
</kw>
<status status="PASS" starttime="20240530 23:38:33.441" endtime="20240530 23:38:33.802"/>
</kw>
<kw name="Conferir se deu falha no login" library="api_testing_usuarios">
<kw name="Dictionary Should Contain Item" library="Collections">
<arg>${RESPOSTA}</arg>
<arg>message</arg>
<arg>Email e/ou senha inválidos</arg>
<doc>An item of ``key`` / ``value`` must be found in a ``dictionary``.</doc>
<status status="PASS" starttime="20240530 23:38:33.802" endtime="20240530 23:38:33.802"/>
</kw>
<status status="PASS" starttime="20240530 23:38:33.802" endtime="20240530 23:38:33.802"/>
</kw>
<status status="PASS" starttime="20240530 23:38:33.441" endtime="20240530 23:38:33.802"/>
</test>
<test id="s1-s1-t6" name="Cenário 06: Logar com senha errada" line="37">
<kw name="Criar um usuário novo" library="api_testing_usuarios">
<kw name="Generate Random String" library="String">
<var>${palavra_aleatoria}</var>
<arg>length=4</arg>
<arg>chars=[LETTERS]</arg>
<doc>Generates a string with a desired ``length`` from the given ``chars``.</doc>
<msg timestamp="20240530 23:38:33.812" level="INFO">${palavra_aleatoria} = OlXx</msg>
<status status="PASS" starttime="20240530 23:38:33.812" endtime="20240530 23:38:33.812"/>
</kw>
<kw name="Convert To Lower Case" library="String">
<var>${palavra_aleatoria}</var>
<arg>${palavra_aleatoria}</arg>
<doc>Converts string to lower case.</doc>
<msg timestamp="20240530 23:38:33.812" level="INFO">${palavra_aleatoria} = olxx</msg>
<status status="PASS" starttime="20240530 23:38:33.812" endtime="20240530 23:38:33.812"/>
</kw>
<kw name="Set Test Variable" library="BuiltIn">
<arg>${EMAIL_TESTE}</arg>
<arg>${palavra_aleatoria}@emailteste.com</arg>
<doc>Makes a variable available everywhere within the scope of the current test.</doc>
<msg timestamp="20240530 23:38:33.819" level="INFO">${EMAIL_TESTE} = olxx@emailteste.com</msg>
<status status="PASS" starttime="20240530 23:38:33.812" endtime="20240530 23:38:33.819"/>
</kw>
<kw name="Log" library="BuiltIn">
<arg>${EMAIL_TESTE}</arg>
<doc>Logs the given message with the given level.</doc>
<msg timestamp="20240530 23:38:33.819" level="INFO">olxx@emailteste.com</msg>
<status status="PASS" starttime="20240530 23:38:33.819" endtime="20240530 23:38:33.819"/>
</kw>
<status status="PASS" starttime="20240530 23:38:33.812" endtime="20240530 23:38:33.819"/>
</kw>
<kw name="Cadastrar o usuário criado na ServeRest" library="api_testing_usuarios">
<arg>email=${EMAIL_TESTE}</arg>
<arg>status_code_desejado=201</arg>
<kw name="Create Dictionary" library="BuiltIn">
<var>${body}</var>
<arg>nome=Fulano da Silva</arg>
<arg>email=${email}</arg>
<arg>password=1234</arg>
<arg>administrador=true</arg>
<doc>Creates and returns a dictionary based on the given ``items``.</doc>
<msg timestamp="20240530 23:38:33.819" level="INFO">${body} = {'nome': 'Fulano da Silva', 'email': 'olxx@emailteste.com', 'password': '1234', 'administrador': 'true'}</msg>
<status status="PASS" starttime="20240530 23:38:33.819" endtime="20240530 23:38:33.819"/>
</kw>
<kw name="Criar Sessão na ServeRest" library="api_testing_usuarios">
<kw name="Create Dictionary" library="BuiltIn">
<var>${headers}</var>
<arg>accept=application/json</arg>
<arg>Content-Type=application/json</arg>
<doc>Creates and returns a dictionary based on the given ``items``.</doc>
<msg timestamp="20240530 23:38:33.819" level="INFO">${headers} = {'accept': 'application/json', 'Content-Type': 'application/json'}</msg>
<status status="PASS" starttime="20240530 23:38:33.819" endtime="20240530 23:38:33.819"/>
</kw>
<kw name="Create Session" library="RequestsLibrary">
<arg>alias=ServeRest</arg>
<arg>url=https://serverest.dev</arg>
<arg>headers=${headers}</arg>
<doc>Create Session: create a HTTP session to a server</doc>
<msg timestamp="20240530 23:38:33.819" level="INFO">Creating Session using : alias=ServeRest, url=https://serverest.dev, headers={'accept': 'application/json', 'Content-Type': 'application/json'},                     cookies={}, auth=None, timeout=None, proxies=None, verify=False,                     debug=0 </msg>
<status status="PASS" starttime="20240530 23:38:33.819" endtime="20240530 23:38:33.819"/>
</kw>
<status status="PASS" starttime="20240530 23:38:33.819" endtime="20240530 23:38:33.819"/>
</kw>
<kw name="POST On Session" library="RequestsLibrary">
<var>${resposta}</var>
<arg>alias=ServeRest</arg>
<arg>url=/usuarios</arg>
<arg>json=${body}</arg>
<arg>expected_status=${status_code_desejado}</arg>
<doc>Sends a POST request on a previously created HTTP Session.</doc>
<msg timestamp="20240530 23:38:34.164" level="INFO">POST Request : url=https://serverest.dev/usuarios 
 path_url=/usuarios 
 headers={'User-Agent': 'python-requests/2.28.2', 'Accept-Encoding': 'gzip, deflate', 'accept': 'application/json', 'Connection': 'keep-alive', 'Content-Type': 'application/json', 'Content-Length': '104'} 
 body=b'{"nome": "Fulano da Silva", "email": "olxx@emailteste.com", "password": "1234", "administrador": "true"}' 
 </msg>
<msg timestamp="20240530 23:38:34.164" level="INFO">POST Response : url=https://serverest.dev/usuarios 
 status=201, reason=Created 
 headers={'access-control-allow-origin': '*', 'x-dns-prefetch-control': 'off', 'x-frame-options': 'SAMEORIGIN', 'strict-transport-security': 'max-age=15552000; includeSubDomains', 'x-download-options': 'noopen', 'x-content-type-options': 'nosniff', 'x-xss-protection': '1; mode=block', 'content-type': 'application/json; charset=utf-8', 'X-Cloud-Trace-Context': 'ec09205e77eaf58a7504e41a1492a711', 'Date': 'Fri, 31 May 2024 02:37:18 GMT', 'Server': 'Google Frontend', 'Content-Length': '82'} 
 body={
    "message": "Cadastro realizado com sucesso",
    "_id": "rZNCWuRflyci839S"
} 
 </msg>
<msg timestamp="20240530 23:38:34.164" level="INFO">C:\Users\Edu\AppData\Local\Programs\Python\Python311\Lib\site-packages\urllib3\connectionpool.py:1045: InsecureRequestWarning: Unverified HTTPS request is being made to host 'serverest.dev'. Adding certificate verification is strongly advised. See: https://urllib3.readthedocs.io/en/1.26.x/advanced-usage.html#ssl-warnings
  warnings.warn(</msg>
<msg timestamp="20240530 23:38:34.164" level="INFO">${resposta} = &lt;Response [201]&gt;</msg>
<status status="PASS" starttime="20240530 23:38:33.819" endtime="20240530 23:38:34.164"/>
</kw>
<kw name="Log" library="BuiltIn">
<arg>{resposta.json()}</arg>
<doc>Logs the given message with the given level.</doc>
<msg timestamp="20240530 23:38:34.164" level="INFO">{resposta.json()}</msg>
<status status="PASS" starttime="20240530 23:38:34.164" endtime="20240530 23:38:34.164"/>
</kw>
<if>
<branch type="IF" condition="${resposta.status_code} == 201">
<kw name="Set Test Variable" library="BuiltIn">
<arg>${ID_USUARIO}</arg>
<arg>${resposta.json()["_id"]}</arg>
<doc>Makes a variable available everywhere within the scope of the current test.</doc>
<msg timestamp="20240530 23:38:34.164" level="INFO">${ID_USUARIO} = rZNCWuRflyci839S</msg>
<status status="PASS" starttime="20240530 23:38:34.164" endtime="20240530 23:38:34.164"/>
</kw>
<status status="PASS" starttime="20240530 23:38:34.164" endtime="20240530 23:38:34.164"/>
</branch>
<status status="PASS" starttime="20240530 23:38:34.164" endtime="20240530 23:38:34.164"/>
</if>
<kw name="Set Test Variable" library="BuiltIn">
<arg>${RESPOSTA}</arg>
<arg>${resposta.json()}</arg>
<doc>Makes a variable available everywhere within the scope of the current test.</doc>
<msg timestamp="20240530 23:38:34.164" level="INFO">${RESPOSTA} = {'message': 'Cadastro realizado com sucesso', '_id': 'rZNCWuRflyci839S'}</msg>
<status status="PASS" starttime="20240530 23:38:34.164" endtime="20240530 23:38:34.164"/>
</kw>
<status status="PASS" starttime="20240530 23:38:33.819" endtime="20240530 23:38:34.164"/>
</kw>
<kw name="Realizar Login com senha errada" library="api_testing_usuarios">
<kw name="Create Dictionary" library="BuiltIn">
<var>${body}</var>
<arg>email=${EMAIL_TESTE}</arg>
<arg>password=xxxx</arg>
<doc>Creates and returns a dictionary based on the given ``items``.</doc>
<msg timestamp="20240530 23:38:34.179" level="INFO">${body} = {'email': 'olxx@emailteste.com', 'password': 'xxxx'}</msg>
<status status="PASS" starttime="20240530 23:38:34.164" endtime="20240530 23:38:34.179"/>
</kw>
<kw name="Criar Sessão na ServeRest" library="api_testing_usuarios">
<kw name="Create Dictionary" library="BuiltIn">
<var>${headers}</var>
<arg>accept=application/json</arg>
<arg>Content-Type=application/json</arg>
<doc>Creates and returns a dictionary based on the given ``items``.</doc>
<msg timestamp="20240530 23:38:34.179" level="INFO">${headers} = {'accept': 'application/json', 'Content-Type': 'application/json'}</msg>
<status status="PASS" starttime="20240530 23:38:34.179" endtime="20240530 23:38:34.179"/>
</kw>
<kw name="Create Session" library="RequestsLibrary">
<arg>alias=ServeRest</arg>
<arg>url=https://serverest.dev</arg>
<arg>headers=${headers}</arg>
<doc>Create Session: create a HTTP session to a server</doc>
<msg timestamp="20240530 23:38:34.179" level="INFO">Creating Session using : alias=ServeRest, url=https://serverest.dev, headers={'accept': 'application/json', 'Content-Type': 'application/json'},                     cookies={}, auth=None, timeout=None, proxies=None, verify=False,                     debug=0 </msg>
<status status="PASS" starttime="20240530 23:38:34.179" endtime="20240530 23:38:34.179"/>
</kw>
<status status="PASS" starttime="20240530 23:38:34.179" endtime="20240530 23:38:34.179"/>
</kw>
<kw name="POST On Session" library="RequestsLibrary">
<var>${resposta}</var>
<arg>alias=ServeRest</arg>
<arg>url=/login</arg>
<arg>json=${body}</arg>
<arg>expected_status=401</arg>
<doc>Sends a POST request on a previously created HTTP Session.</doc>
<msg timestamp="20240530 23:38:34.543" level="INFO">POST Request : url=https://serverest.dev/login 
 path_url=/login 
 headers={'User-Agent': 'python-requests/2.28.2', 'Accept-Encoding': 'gzip, deflate', 'accept': 'application/json', 'Connection': 'keep-alive', 'Content-Type': 'application/json', 'Content-Length': '52'} 
 body=b'{"email": "olxx@emailteste.com", "password": "xxxx"}' 
 </msg>
<msg timestamp="20240530 23:38:34.543" level="INFO">POST Response : url=https://serverest.dev/login 
 status=401, reason=Unauthorized 
 headers={'access-control-allow-origin': '*', 'x-dns-prefetch-control': 'off', 'x-frame-options': 'SAMEORIGIN', 'strict-transport-security': 'max-age=15552000; includeSubDomains', 'x-download-options': 'noopen', 'x-content-type-options': 'nosniff', 'x-xss-protection': '1; mode=block', 'content-type': 'application/json; charset=utf-8', 'X-Cloud-Trace-Context': '035a97d4bfc613349b8fc7b03b7c6f25', 'Date': 'Fri, 31 May 2024 02:37:18 GMT', 'Server': 'Google Frontend', 'Content-Length': '48'} 
 body={
    "message": "Email e/ou senha inválidos"
} 
 </msg>
<msg timestamp="20240530 23:38:34.543" level="INFO">C:\Users\Edu\AppData\Local\Programs\Python\Python311\Lib\site-packages\urllib3\connectionpool.py:1045: InsecureRequestWarning: Unverified HTTPS request is being made to host 'serverest.dev'. Adding certificate verification is strongly advised. See: https://urllib3.readthedocs.io/en/1.26.x/advanced-usage.html#ssl-warnings
  warnings.warn(</msg>
<msg timestamp="20240530 23:38:34.543" level="INFO">${resposta} = &lt;Response [401]&gt;</msg>
<status status="PASS" starttime="20240530 23:38:34.179" endtime="20240530 23:38:34.543"/>
</kw>
<kw name="Set Test Variable" library="BuiltIn">
<arg>${RESPOSTA}</arg>
<arg>${resposta.json()}</arg>
<doc>Makes a variable available everywhere within the scope of the current test.</doc>
<msg timestamp="20240530 23:38:34.543" level="INFO">${RESPOSTA} = {'message': 'Email e/ou senha inválidos'}</msg>
<status status="PASS" starttime="20240530 23:38:34.543" endtime="20240530 23:38:34.543"/>
</kw>
<status status="PASS" starttime="20240530 23:38:34.164" endtime="20240530 23:38:34.543"/>
</kw>
<kw name="Conferir se deu falha no login" library="api_testing_usuarios">
<kw name="Dictionary Should Contain Item" library="Collections">
<arg>${RESPOSTA}</arg>
<arg>message</arg>
<arg>Email e/ou senha inválidos</arg>
<doc>An item of ``key`` / ``value`` must be found in a ``dictionary``.</doc>
<status status="PASS" starttime="20240530 23:38:34.543" endtime="20240530 23:38:34.543"/>
</kw>
<status status="PASS" starttime="20240530 23:38:34.543" endtime="20240530 23:38:34.543"/>
</kw>
<status status="PASS" starttime="20240530 23:38:33.812" endtime="20240530 23:38:34.543"/>
</test>
<status status="PASS" starttime="20240530 23:38:30.815" endtime="20240530 23:38:34.543"/>
</suite>
<status status="PASS" starttime="20240530 23:38:30.783" endtime="20240530 23:38:34.558"/>
</suite>
<statistics>
<total>
<stat pass="6" fail="0" skip="0">All Tests</stat>
</total>
<tag>
</tag>
<suite>
<stat pass="6" fail="0" skip="0" id="s1" name="Tests">Tests</stat>
<stat pass="6" fail="0" skip="0" id="s1-s1" name="Api Testing Usuarios">Tests.Api Testing Usuarios</stat>
</suite>
</statistics>
<errors>
</errors>
</robot>
